<?xml version="1.0" encoding="UTF-8"?>
<testsuite name="com.app.app.server.service.CommunicationGroupTestCase" tests="4" skipped="0" failures="0" errors="0" timestamp="2015-11-06T07:38:16" hostname="034a8a84f6ba" time="0.254">
  <properties/>
  <testcase name="test1Save" classname="com.app.app.server.service.CommunicationGroupTestCase" time="0.053"/>
  <testcase name="test2Update" classname="com.app.app.server.service.CommunicationGroupTestCase" time="0.122"/>
  <testcase name="test3FindById" classname="com.app.app.server.service.CommunicationGroupTestCase" time="0.006"/>
  <testcase name="test4Delete" classname="com.app.app.server.service.CommunicationGroupTestCase" time="0.072"/>
  <system-out><![CDATA[Setting logged in user info for ADD
In around repository aspect
[EL Fine]: sql: 2015-11-06 07:38:16.053--ClientSession(1559266550)--Connection(1489045188)--Thread(Thread[Test worker,5,main])--INSERT INTO ast_CommunicationGroup_M (commGroupId, commGroupDescription, commGroupName, versionId, createdBy, createdDate, updatedBy, updatedDate, activeStatus, txnAccessCode) VALUES (?, ?, ?, ?, ?, ?, ?, ?, ?, ?)
	bind => [1630F8A0-03F1-4620-B525-0ECE7B6190CE, joarwuYBYijGvE7RkLgGf3qNr3enr0sT0z2zpsKrRgcb1Ob4ac, Q4oDUMmt3yvyrtJ4iXPjp4WOSIHSGQT8QNFyC54FYzQbvJOTxD, 1, AAAAA, 2015-11-06 13:08:16.049, null, 2015-11-06 13:08:16.049, 1, null]
In around repository aspect
[EL Fine]: sql: 2015-11-06 07:38:16.098--ClientSession(546992922)--Connection(1489045188)--Thread(Thread[Test worker,5,main])--SELECT commGroupId, commGroupDescription, commGroupName, versionId, createdBy, createdDate, updatedBy, updatedDate, activeStatus, txnAccessCode FROM ast_CommunicationGroup_M WHERE ((activeStatus = ?) AND (commGroupId = ?))
	bind => [1, 1630F8A0-03F1-4620-B525-0ECE7B6190CE]
Setting logged in user info for UPDATE
In around repository aspect
[EL Fine]: sql: 2015-11-06 07:38:16.104--ClientSession(694314192)--Connection(1489045188)--Thread(Thread[Test worker,5,main])--SELECT commGroupId, commGroupDescription, commGroupName, versionId, createdBy, createdDate, updatedBy, updatedDate, activeStatus, txnAccessCode FROM ast_CommunicationGroup_M WHERE (commGroupId = ?)
	bind => [1630F8A0-03F1-4620-B525-0ECE7B6190CE]
[EL Fine]: sql: 2015-11-06 07:38:16.106--ClientSession(694314192)--Connection(1489045188)--Thread(Thread[Test worker,5,main])--UPDATE ast_CommunicationGroup_M SET commGroupDescription = ?, commGroupName = ?, updatedBy = ?, versionId = ? WHERE ((commGroupId = ?) AND (versionId = ?))
	bind => [gFeOKeCUQZkbDxPbqzmSXzyEkN8M6UyTWdUVhHaaTbrHNHGNSJ, TZaAigx32qaPBPLDvqrcliIW3kSwLAAKX99Le8mtVMdrP6fGgb, AAAAA, 2, 1630F8A0-03F1-4620-B525-0ECE7B6190CE, 1]
In around repository aspect
[EL Fine]: sql: 2015-11-06 07:38:16.22--ClientSession(1584300009)--Connection(1489045188)--Thread(Thread[Test worker,5,main])--SELECT commGroupId, commGroupDescription, commGroupName, versionId, createdBy, createdDate, updatedBy, updatedDate, activeStatus, txnAccessCode FROM ast_CommunicationGroup_M WHERE ((activeStatus = ?) AND (commGroupId = ?))
	bind => [1, 1630F8A0-03F1-4620-B525-0ECE7B6190CE]
In around repository aspect
[EL Fine]: sql: 2015-11-06 07:38:16.23--ClientSession(696877393)--Connection(1489045188)--Thread(Thread[Test worker,5,main])--SELECT commGroupId, commGroupDescription, commGroupName, versionId, createdBy, createdDate, updatedBy, updatedDate, activeStatus, txnAccessCode FROM ast_CommunicationGroup_M WHERE (commGroupId = ?)
	bind => [1630F8A0-03F1-4620-B525-0ECE7B6190CE]
[EL Fine]: sql: 2015-11-06 07:38:16.233--ClientSession(696877393)--Connection(1489045188)--Thread(Thread[Test worker,5,main])--DELETE FROM ast_CommunicationGroup_M WHERE ((commGroupId = ?) AND (versionId = ?))
	bind => [1630F8A0-03F1-4620-B525-0ECE7B6190CE, 2]
]]></system-out>
  <system-err><![CDATA[]]></system-err>
</testsuite>
