<?xml version="1.0" encoding="UTF-8"?>
<testsuite name="com.app.app.server.service.SurveyQuestionTestCase" tests="9" skipped="0" failures="0" errors="0" timestamp="2015-11-06T07:38:17" hostname="034a8a84f6ba" time="0.255">
  <properties/>
  <testcase name="test1Save" classname="com.app.app.server.service.SurveyQuestionTestCase" time="0.109"/>
  <testcase name="test2Update" classname="com.app.app.server.service.SurveyQuestionTestCase" time="0.055"/>
  <testcase name="test3FindById" classname="com.app.app.server.service.SurveyQuestionTestCase" time="0.005"/>
  <testcase name="test3findBysurveyQuestionGroupId" classname="com.app.app.server.service.SurveyQuestionTestCase" time="0.002"/>
  <testcase name="test4Delete" classname="com.app.app.server.service.SurveyQuestionTestCase" time="0.05"/>
  <testcase name="testNQBehaviourQuestions" classname="com.app.app.server.service.SurveyQuestionTestCase" time="0.01"/>
  <testcase name="testNQChdQuestions" classname="com.app.app.server.service.SurveyQuestionTestCase" time="0.008"/>
  <testcase name="testNQGeneralQuestions" classname="com.app.app.server.service.SurveyQuestionTestCase" time="0.008"/>
  <testcase name="testNQLifeStyleQuestions" classname="com.app.app.server.service.SurveyQuestionTestCase" time="0.007"/>
  <system-out><![CDATA[In around repository aspect
[EL Fine]: sql: 2015-11-06 07:38:17.19--ClientSession(955965012)--Connection(1489045188)--Thread(Thread[Test worker,5,main])--INSERT INTO ast_SurveyQuestionGroup_M (surveyQuestionGroupDesc, surveyQuestionGroupName, versionId, createdBy, createdDate, updatedBy, updatedDate, activeStatus, txnAccessCode) VALUES (?, ?, ?, ?, ?, ?, ?, ?, ?)
	bind => [tCB, 6JG7oHPjUJKcCSksDF8WvLzVVVjUz0JiEm4DhL84N55RgQFMol, 1, AAAAA, 2015-11-06 13:08:17.186, null, 2015-11-06 13:08:17.186, 1, null]
[EL Fine]: sql: 2015-11-06 07:38:17.191--ClientSession(955965012)--Connection(1489045188)--Thread(Thread[Test worker,5,main])--SELECT LAST_INSERT_ID()
Setting logged in user info for ADD
Setting logged in user info for ADD
In around repository aspect
[EL Fine]: sql: 2015-11-06 07:38:17.235--ClientSession(352274782)--Connection(1489045188)--Thread(Thread[Test worker,5,main])--INSERT INTO ast_SurveyAnswer_M (surveyAnswerId, surveyAnswerDesc, surveyAnswerName, versionId, createdBy, createdDate, updatedBy, updatedDate, activeStatus, txnAccessCode) VALUES (?, ?, ?, ?, ?, ?, ?, ?, ?, ?)
	bind => [666FBC3F-5A64-4FAD-A4CE-FA9158692C04, vouV90V83j5o5u3CqcIFeAO5y1mWswUsAuN09Xtw2oCs4DIZbZ, U3Wba1DLVgHvYmapWFI9lGHOhU9ks0vwTFOzQ76x2hyfBYy4LX, 1, AAAAA, 2015-11-06 13:08:17.229, null, 2015-11-06 13:08:17.229, 1, null]
[EL Fine]: sql: 2015-11-06 07:38:17.236--ClientSession(352274782)--Connection(1489045188)--Thread(Thread[Test worker,5,main])--INSERT INTO ast_SurveyQuestion_M (surveyQuestionId, surveyQuestionDesc, surveyQuestionGroupId, surveyQuestionName, versionId, createdBy, createdDate, updatedBy, updatedDate, activeStatus, txnAccessCode) VALUES (?, ?, ?, ?, ?, ?, ?, ?, ?, ?, ?)
	bind => [4D1E40D1-629A-472C-AF04-D2E9F5D3A46F, 3xcpluTm5jOb8ET6iMD5tV43ZzeogBWF5WW0aDZb4diV1nqvKb, 10, sfaMzbdHUnLLIFF92dNdwA8gMENoM7yoWEgHcwAb6qx4vaVBwv, 1, AAAAA, 2015-11-06 13:08:17.229, null, 2015-11-06 13:08:17.229, 1, null]
[EL Fine]: sql: 2015-11-06 07:38:17.238--ClientSession(352274782)--Connection(1489045188)--Thread(Thread[Test worker,5,main])--INSERT INTO ast_SurveyQueAnsBridge_B (surveyAnswerId, surveyQuestionId) VALUES (?, ?)
	bind => [666FBC3F-5A64-4FAD-A4CE-FA9158692C04, 4D1E40D1-629A-472C-AF04-D2E9F5D3A46F]
In around repository aspect
[EL Fine]: sql: 2015-11-06 07:38:17.288--ClientSession(237948270)--Connection(1489045188)--Thread(Thread[Test worker,5,main])--SELECT surveyQuestionId, surveyQuestionDesc, surveyQuestionGroupId, surveyQuestionName, versionId, createdBy, createdDate, updatedBy, updatedDate, activeStatus, txnAccessCode FROM ast_SurveyQuestion_M WHERE ((activeStatus = ?) AND (surveyQuestionId = ?))
	bind => [1, 4D1E40D1-629A-472C-AF04-D2E9F5D3A46F]
Setting logged in user info for UPDATE
[EL Fine]: sql: 2015-11-06 07:38:17.29--ServerSession(1458132590)--Connection(1489045188)--Thread(Thread[Test worker,5,main])--SELECT t1.surveyAnswerId, t1.surveyAnswerDesc, t1.surveyAnswerName, t1.versionId, t1.createdBy, t1.createdDate, t1.updatedBy, t1.updatedDate, t1.activeStatus, t1.txnAccessCode FROM ast_SurveyQueAnsBridge_B t0, ast_SurveyAnswer_M t1 WHERE ((t0.surveyQuestionId = ?) AND (t1.surveyAnswerId = t0.surveyAnswerId))
	bind => [4D1E40D1-629A-472C-AF04-D2E9F5D3A46F]
Setting logged in user info for UPDATE
In around repository aspect
[EL Fine]: sql: 2015-11-06 07:38:17.291--ClientSession(307618681)--Connection(1489045188)--Thread(Thread[Test worker,5,main])--SELECT surveyQuestionId, surveyQuestionDesc, surveyQuestionGroupId, surveyQuestionName, versionId, createdBy, createdDate, updatedBy, updatedDate, activeStatus, txnAccessCode FROM ast_SurveyQuestion_M WHERE (surveyQuestionId = ?)
	bind => [4D1E40D1-629A-472C-AF04-D2E9F5D3A46F]
[EL Fine]: sql: 2015-11-06 07:38:17.292--ClientSession(307618681)--Connection(1489045188)--Thread(Thread[Test worker,5,main])--SELECT t1.surveyAnswerId, t1.surveyAnswerDesc, t1.surveyAnswerName, t1.versionId, t1.createdBy, t1.createdDate, t1.updatedBy, t1.updatedDate, t1.activeStatus, t1.txnAccessCode FROM ast_SurveyQueAnsBridge_B t0, ast_SurveyAnswer_M t1 WHERE ((t0.surveyQuestionId = ?) AND (t1.surveyAnswerId = t0.surveyAnswerId))
	bind => [4D1E40D1-629A-472C-AF04-D2E9F5D3A46F]
[EL Fine]: sql: 2015-11-06 07:38:17.294--ClientSession(307618681)--Connection(1489045188)--Thread(Thread[Test worker,5,main])--UPDATE ast_SurveyAnswer_M SET updatedBy = ?, versionId = ? WHERE ((surveyAnswerId = ?) AND (versionId = ?))
	bind => [AAAAA, 2, 666FBC3F-5A64-4FAD-A4CE-FA9158692C04, 1]
[EL Fine]: sql: 2015-11-06 07:38:17.295--ClientSession(307618681)--Connection(1489045188)--Thread(Thread[Test worker,5,main])--UPDATE ast_SurveyQuestion_M SET surveyQuestionDesc = ?, surveyQuestionName = ?, updatedBy = ?, versionId = ? WHERE ((surveyQuestionId = ?) AND (versionId = ?))
	bind => [KYCQMjpo4bclLBf8qcRFM3dPjvIdnQ5scPic0nTfB02CLxU2FC, Bvxu4cyPcD4FPVNxXImASpoLsnGnKN9mkzCLqRVHx5EGVXZzfE, AAAAA, 2, 4D1E40D1-629A-472C-AF04-D2E9F5D3A46F, 1]
In around repository aspect
[EL Fine]: sql: 2015-11-06 07:38:17.343--ClientSession(969260765)--Connection(1489045188)--Thread(Thread[Test worker,5,main])--SELECT surveyQuestionId, surveyQuestionDesc, surveyQuestionGroupId, surveyQuestionName, versionId, createdBy, createdDate, updatedBy, updatedDate, activeStatus, txnAccessCode FROM ast_SurveyQuestion_M WHERE ((activeStatus = ?) AND (surveyQuestionId = ?))
	bind => [1, 4D1E40D1-629A-472C-AF04-D2E9F5D3A46F]
In around repository aspect
[EL Fine]: sql: 2015-11-06 07:38:17.35--ClientSession(944864200)--Connection(1489045188)--Thread(Thread[Test worker,5,main])--SELECT surveyQuestionId, surveyQuestionDesc, surveyQuestionGroupId, surveyQuestionName, versionId, createdBy, createdDate, updatedBy, updatedDate, activeStatus, txnAccessCode FROM ast_SurveyQuestion_M WHERE (surveyQuestionId = ?)
	bind => [4D1E40D1-629A-472C-AF04-D2E9F5D3A46F]
[EL Fine]: sql: 2015-11-06 07:38:17.351--ClientSession(944864200)--Connection(1489045188)--Thread(Thread[Test worker,5,main])--SELECT t1.surveyAnswerId, t1.surveyAnswerDesc, t1.surveyAnswerName, t1.versionId, t1.createdBy, t1.createdDate, t1.updatedBy, t1.updatedDate, t1.activeStatus, t1.txnAccessCode FROM ast_SurveyQueAnsBridge_B t0, ast_SurveyAnswer_M t1 WHERE ((t0.surveyQuestionId = ?) AND (t1.surveyAnswerId = t0.surveyAnswerId))
	bind => [4D1E40D1-629A-472C-AF04-D2E9F5D3A46F]
[EL Fine]: sql: 2015-11-06 07:38:17.353--ClientSession(944864200)--Connection(1489045188)--Thread(Thread[Test worker,5,main])--DELETE FROM ast_SurveyQueAnsBridge_B WHERE (surveyQuestionId = ?)
	bind => [4D1E40D1-629A-472C-AF04-D2E9F5D3A46F]
[EL Fine]: sql: 2015-11-06 07:38:17.354--ClientSession(944864200)--Connection(1489045188)--Thread(Thread[Test worker,5,main])--DELETE FROM ast_SurveyQuestion_M WHERE ((surveyQuestionId = ?) AND (versionId = ?))
	bind => [4D1E40D1-629A-472C-AF04-D2E9F5D3A46F, 2]
[EL Fine]: sql: 2015-11-06 07:38:17.355--ClientSession(944864200)--Connection(1489045188)--Thread(Thread[Test worker,5,main])--DELETE FROM ast_SurveyAnswer_M WHERE ((surveyAnswerId = ?) AND (versionId = ?))
	bind => [666FBC3F-5A64-4FAD-A4CE-FA9158692C04, 2]
In around repository aspect
[EL Fine]: sql: 2015-11-06 07:38:17.405--ClientSession(28427613)--Connection(1489045188)--Thread(Thread[Test worker,5,main])--SELECT surveyQuestionId, surveyQuestionDesc, surveyQuestionGroupId, surveyQuestionName, versionId, createdBy, createdDate, updatedBy, updatedDate, activeStatus, txnAccessCode FROM ast_SurveyQuestion_M WHERE (surveyQuestionGroupId = ?)
	bind => [3]
In around repository aspect
[EL Fine]: sql: 2015-11-06 07:38:17.411--ClientSession(558843401)--Connection(1489045188)--Thread(Thread[Test worker,5,main])--SELECT surveyQuestionId, surveyQuestionDesc, surveyQuestionGroupId, surveyQuestionName, versionId, createdBy, createdDate, updatedBy, updatedDate, activeStatus, txnAccessCode FROM ast_SurveyQuestion_M WHERE (surveyQuestionGroupId = ?)
	bind => [1]
In around repository aspect
[EL Fine]: sql: 2015-11-06 07:38:17.42--ClientSession(1565779588)--Connection(1489045188)--Thread(Thread[Test worker,5,main])--SELECT surveyQuestionId, surveyQuestionDesc, surveyQuestionGroupId, surveyQuestionName, versionId, createdBy, createdDate, updatedBy, updatedDate, activeStatus, txnAccessCode FROM ast_SurveyQuestion_M WHERE (surveyQuestionGroupId = ?)
	bind => [4]
In around repository aspect
[EL Fine]: sql: 2015-11-06 07:38:17.428--ClientSession(1063799909)--Connection(1489045188)--Thread(Thread[Test worker,5,main])--SELECT surveyQuestionId, surveyQuestionDesc, surveyQuestionGroupId, surveyQuestionName, versionId, createdBy, createdDate, updatedBy, updatedDate, activeStatus, txnAccessCode FROM ast_SurveyQuestion_M WHERE (surveyQuestionGroupId = ?)
	bind => [2]
]]></system-out>
  <system-err><![CDATA[java.lang.ClassCastException: java.lang.String cannot be cast to java.lang.Integer
	at com.app.app.server.service.SurveyQuestionTestCase.test3findBysurveyQuestionGroupId(SurveyQuestionTestCase.java:156)
	at sun.reflect.NativeMethodAccessorImpl.invoke0(Native Method)
	at sun.reflect.NativeMethodAccessorImpl.invoke(NativeMethodAccessorImpl.java:57)
	at sun.reflect.DelegatingMethodAccessorImpl.invoke(DelegatingMethodAccessorImpl.java:43)
	at java.lang.reflect.Method.invoke(Method.java:606)
	at org.junit.runners.model.FrameworkMethod$1.runReflectiveCall(FrameworkMethod.java:47)
	at org.junit.internal.runners.model.ReflectiveCallable.run(ReflectiveCallable.java:12)
	at org.junit.runners.model.FrameworkMethod.invokeExplosively(FrameworkMethod.java:44)
	at org.junit.internal.runners.statements.InvokeMethod.evaluate(InvokeMethod.java:17)
	at org.junit.internal.runners.statements.RunBefores.evaluate(RunBefores.java:26)
	at org.springframework.test.context.junit4.statements.RunBeforeTestMethodCallbacks.evaluate(RunBeforeTestMethodCallbacks.java:74)
	at org.junit.internal.runners.statements.RunAfters.evaluate(RunAfters.java:27)
	at org.springframework.test.context.junit4.statements.RunAfterTestMethodCallbacks.evaluate(RunAfterTestMethodCallbacks.java:83)
	at org.springframework.test.context.junit4.statements.SpringRepeat.evaluate(SpringRepeat.java:72)
	at org.springframework.test.context.junit4.SpringJUnit4ClassRunner.runChild(SpringJUnit4ClassRunner.java:233)
	at org.springframework.test.context.junit4.SpringJUnit4ClassRunner.runChild(SpringJUnit4ClassRunner.java:87)
	at org.junit.runners.ParentRunner$3.run(ParentRunner.java:238)
	at org.junit.runners.ParentRunner$1.schedule(ParentRunner.java:63)
	at org.junit.runners.ParentRunner.runChildren(ParentRunner.java:236)
	at org.junit.runners.ParentRunner.access$000(ParentRunner.java:53)
	at org.junit.runners.ParentRunner$2.evaluate(ParentRunner.java:229)
	at org.springframework.test.context.junit4.statements.RunBeforeTestClassCallbacks.evaluate(RunBeforeTestClassCallbacks.java:61)
	at org.springframework.test.context.junit4.statements.RunAfterTestClassCallbacks.evaluate(RunAfterTestClassCallbacks.java:71)
	at org.junit.runners.ParentRunner.run(ParentRunner.java:309)
	at org.springframework.test.context.junit4.SpringJUnit4ClassRunner.run(SpringJUnit4ClassRunner.java:176)
	at org.gradle.api.internal.tasks.testing.junit.JUnitTestClassExecuter.runTestClass(JUnitTestClassExecuter.java:86)
	at org.gradle.api.internal.tasks.testing.junit.JUnitTestClassExecuter.execute(JUnitTestClassExecuter.java:49)
	at org.gradle.api.internal.tasks.testing.junit.JUnitTestClassProcessor.processTestClass(JUnitTestClassProcessor.java:64)
	at org.gradle.api.internal.tasks.testing.SuiteTestClassProcessor.processTestClass(SuiteTestClassProcessor.java:50)
	at sun.reflect.GeneratedMethodAccessor97.invoke(Unknown Source)
	at sun.reflect.DelegatingMethodAccessorImpl.invoke(DelegatingMethodAccessorImpl.java:43)
	at java.lang.reflect.Method.invoke(Method.java:606)
	at org.gradle.messaging.dispatch.ReflectionDispatch.dispatch(ReflectionDispatch.java:35)
	at org.gradle.messaging.dispatch.ReflectionDispatch.dispatch(ReflectionDispatch.java:24)
	at org.gradle.messaging.dispatch.ContextClassLoaderDispatch.dispatch(ContextClassLoaderDispatch.java:32)
	at org.gradle.messaging.dispatch.ProxyDispatchAdapter$DispatchingInvocationHandler.invoke(ProxyDispatchAdapter.java:93)
	at com.sun.proxy.$Proxy2.processTestClass(Unknown Source)
	at org.gradle.api.internal.tasks.testing.worker.TestWorker.processTestClass(TestWorker.java:106)
	at sun.reflect.GeneratedMethodAccessor96.invoke(Unknown Source)
	at sun.reflect.DelegatingMethodAccessorImpl.invoke(DelegatingMethodAccessorImpl.java:43)
	at java.lang.reflect.Method.invoke(Method.java:606)
	at org.gradle.messaging.dispatch.ReflectionDispatch.dispatch(ReflectionDispatch.java:35)
	at org.gradle.messaging.dispatch.ReflectionDispatch.dispatch(ReflectionDispatch.java:24)
	at org.gradle.messaging.remote.internal.hub.MessageHub$Handler.run(MessageHub.java:360)
	at org.gradle.internal.concurrent.DefaultExecutorFactory$StoppableExecutorImpl$1.run(DefaultExecutorFactory.java:64)
	at java.util.concurrent.ThreadPoolExecutor.runWorker(ThreadPoolExecutor.java:1145)
	at java.util.concurrent.ThreadPoolExecutor$Worker.run(ThreadPoolExecutor.java:615)
	at java.lang.Thread.run(Thread.java:745)
java.lang.ClassCastException: java.lang.String cannot be cast to java.lang.Integer
	at com.app.app.server.service.SurveyQuestionTestCase.test4Delete(SurveyQuestionTestCase.java:220)
	at sun.reflect.NativeMethodAccessorImpl.invoke0(Native Method)
	at sun.reflect.NativeMethodAccessorImpl.invoke(NativeMethodAccessorImpl.java:57)
	at sun.reflect.DelegatingMethodAccessorImpl.invoke(DelegatingMethodAccessorImpl.java:43)
	at java.lang.reflect.Method.invoke(Method.java:606)
	at org.junit.runners.model.FrameworkMethod$1.runReflectiveCall(FrameworkMethod.java:47)
	at org.junit.internal.runners.model.ReflectiveCallable.run(ReflectiveCallable.java:12)
	at org.junit.runners.model.FrameworkMethod.invokeExplosively(FrameworkMethod.java:44)
	at org.junit.internal.runners.statements.InvokeMethod.evaluate(InvokeMethod.java:17)
	at org.junit.internal.runners.statements.RunBefores.evaluate(RunBefores.java:26)
	at org.springframework.test.context.junit4.statements.RunBeforeTestMethodCallbacks.evaluate(RunBeforeTestMethodCallbacks.java:74)
	at org.junit.internal.runners.statements.RunAfters.evaluate(RunAfters.java:27)
	at org.springframework.test.context.junit4.statements.RunAfterTestMethodCallbacks.evaluate(RunAfterTestMethodCallbacks.java:83)
	at org.springframework.test.context.junit4.statements.SpringRepeat.evaluate(SpringRepeat.java:72)
	at org.springframework.test.context.junit4.SpringJUnit4ClassRunner.runChild(SpringJUnit4ClassRunner.java:233)
	at org.springframework.test.context.junit4.SpringJUnit4ClassRunner.runChild(SpringJUnit4ClassRunner.java:87)
	at org.junit.runners.ParentRunner$3.run(ParentRunner.java:238)
	at org.junit.runners.ParentRunner$1.schedule(ParentRunner.java:63)
	at org.junit.runners.ParentRunner.runChildren(ParentRunner.java:236)
	at org.junit.runners.ParentRunner.access$000(ParentRunner.java:53)
	at org.junit.runners.ParentRunner$2.evaluate(ParentRunner.java:229)
	at org.springframework.test.context.junit4.statements.RunBeforeTestClassCallbacks.evaluate(RunBeforeTestClassCallbacks.java:61)
	at org.springframework.test.context.junit4.statements.RunAfterTestClassCallbacks.evaluate(RunAfterTestClassCallbacks.java:71)
	at org.junit.runners.ParentRunner.run(ParentRunner.java:309)
	at org.springframework.test.context.junit4.SpringJUnit4ClassRunner.run(SpringJUnit4ClassRunner.java:176)
	at org.gradle.api.internal.tasks.testing.junit.JUnitTestClassExecuter.runTestClass(JUnitTestClassExecuter.java:86)
	at org.gradle.api.internal.tasks.testing.junit.JUnitTestClassExecuter.execute(JUnitTestClassExecuter.java:49)
	at org.gradle.api.internal.tasks.testing.junit.JUnitTestClassProcessor.processTestClass(JUnitTestClassProcessor.java:64)
	at org.gradle.api.internal.tasks.testing.SuiteTestClassProcessor.processTestClass(SuiteTestClassProcessor.java:50)
	at sun.reflect.GeneratedMethodAccessor97.invoke(Unknown Source)
	at sun.reflect.DelegatingMethodAccessorImpl.invoke(DelegatingMethodAccessorImpl.java:43)
	at java.lang.reflect.Method.invoke(Method.java:606)
	at org.gradle.messaging.dispatch.ReflectionDispatch.dispatch(ReflectionDispatch.java:35)
	at org.gradle.messaging.dispatch.ReflectionDispatch.dispatch(ReflectionDispatch.java:24)
	at org.gradle.messaging.dispatch.ContextClassLoaderDispatch.dispatch(ContextClassLoaderDispatch.java:32)
	at org.gradle.messaging.dispatch.ProxyDispatchAdapter$DispatchingInvocationHandler.invoke(ProxyDispatchAdapter.java:93)
	at com.sun.proxy.$Proxy2.processTestClass(Unknown Source)
	at org.gradle.api.internal.tasks.testing.worker.TestWorker.processTestClass(TestWorker.java:106)
	at sun.reflect.GeneratedMethodAccessor96.invoke(Unknown Source)
	at sun.reflect.DelegatingMethodAccessorImpl.invoke(DelegatingMethodAccessorImpl.java:43)
	at java.lang.reflect.Method.invoke(Method.java:606)
	at org.gradle.messaging.dispatch.ReflectionDispatch.dispatch(ReflectionDispatch.java:35)
	at org.gradle.messaging.dispatch.ReflectionDispatch.dispatch(ReflectionDispatch.java:24)
	at org.gradle.messaging.remote.internal.hub.MessageHub$Handler.run(MessageHub.java:360)
	at org.gradle.internal.concurrent.DefaultExecutorFactory$StoppableExecutorImpl$1.run(DefaultExecutorFactory.java:64)
	at java.util.concurrent.ThreadPoolExecutor.runWorker(ThreadPoolExecutor.java:1145)
	at java.util.concurrent.ThreadPoolExecutor$Worker.run(ThreadPoolExecutor.java:615)
	at java.lang.Thread.run(Thread.java:745)
]]></system-err>
</testsuite>
