<?xml version="1.0" encoding="UTF-8"?>
<testsuite name="com.app.app.server.service.CommunicationTypeTestCase" tests="5" skipped="0" failures="0" errors="0" timestamp="2015-11-06T07:38:10" hostname="034a8a84f6ba" time="0.417">
  <properties/>
  <testcase name="test1Save" classname="com.app.app.server.service.CommunicationTypeTestCase" time="0.161"/>
  <testcase name="test2Update" classname="com.app.app.server.service.CommunicationTypeTestCase" time="0.055"/>
  <testcase name="test3FindById" classname="com.app.app.server.service.CommunicationTypeTestCase" time="0.007"/>
  <testcase name="test3findBycommGroupId" classname="com.app.app.server.service.CommunicationTypeTestCase" time="0.007"/>
  <testcase name="test4Delete" classname="com.app.app.server.service.CommunicationTypeTestCase" time="0.186"/>
  <system-out><![CDATA[In around repository aspect
[EL Fine]: sql: 2015-11-06 07:38:10.29--ClientSession(119605297)--Connection(1489045188)--Thread(Thread[Test worker,5,main])--INSERT INTO ast_CommunicationGroup_M (commGroupId, commGroupDescription, commGroupName, versionId, createdBy, createdDate, updatedBy, updatedDate, activeStatus, txnAccessCode) VALUES (?, ?, ?, ?, ?, ?, ?, ?, ?, ?)
	bind => [442CD6AE-0136-4632-A1FA-77250F79F548, 4Z23fhHLYuwouieMiOfYPSrhh0tW4ypSsHkKYDHT57yUZKeMIC, 70knzx43TWQCQWkMAxm3zSHgfKWWjhLXrRJ9xYmEVX9fBqMxBm, 1, AAAAA, 2015-11-06 13:08:10.26, null, 2015-11-06 13:08:10.26, 1, null]
Setting logged in user info for ADD
In around repository aspect
[EL Fine]: sql: 2015-11-06 07:38:10.364--ClientSession(1871055301)--Connection(1489045188)--Thread(Thread[Test worker,5,main])--INSERT INTO ast_CommunicationType_M (commType, commGroupId, commTypeDescription, commTypeName, versionId, createdBy, createdDate, updatedBy, updatedDate, activeStatus, txnAccessCode) VALUES (?, ?, ?, ?, ?, ?, ?, ?, ?, ?, ?)
	bind => [D959EF84-D43D-481A-B748-E6CECB8743EA, 442CD6AE-0136-4632-A1FA-77250F79F548, tXfeU0qtfc7ZJWV4WtvIHLgbjyfWNCbUbk3Izlm8r9QEn13y5A, IoQv8femUyXWn4Ng4EOQj5tfJrr5UnElsXogmW7wn3oF6OOute, 1, AAAAA, 2015-11-06 13:08:10.333, null, 2015-11-06 13:08:10.333, 1, null]
In around repository aspect
[EL Fine]: sql: 2015-11-06 07:38:10.416--ClientSession(254374825)--Connection(1489045188)--Thread(Thread[Test worker,5,main])--SELECT commType, commGroupId, commTypeDescription, commTypeName, versionId, createdBy, createdDate, updatedBy, updatedDate, activeStatus, txnAccessCode FROM ast_CommunicationType_M WHERE ((activeStatus = ?) AND (commType = ?))
	bind => [1, D959EF84-D43D-481A-B748-E6CECB8743EA]
Setting logged in user info for UPDATE
In around repository aspect
[EL Fine]: sql: 2015-11-06 07:38:10.419--ClientSession(125982057)--Connection(1489045188)--Thread(Thread[Test worker,5,main])--SELECT commType, commGroupId, commTypeDescription, commTypeName, versionId, createdBy, createdDate, updatedBy, updatedDate, activeStatus, txnAccessCode FROM ast_CommunicationType_M WHERE (commType = ?)
	bind => [D959EF84-D43D-481A-B748-E6CECB8743EA]
[EL Fine]: sql: 2015-11-06 07:38:10.421--ClientSession(125982057)--Connection(1489045188)--Thread(Thread[Test worker,5,main])--UPDATE ast_CommunicationType_M SET commTypeDescription = ?, commTypeName = ?, updatedBy = ?, versionId = ? WHERE ((commType = ?) AND (versionId = ?))
	bind => [rbSHkleWjyGB9fthTZPyQrzQGLgtn2I3nCuScW9PYSNvdlp0DO, vRFpxJJEr5PpOIKI4g35hDcXaoc8SWsqD6BLu8gg8Pg0mbIp1G, AAAAA, 2, D959EF84-D43D-481A-B748-E6CECB8743EA, 1]
In around repository aspect
[EL Fine]: sql: 2015-11-06 07:38:10.472--ClientSession(790478556)--Connection(1489045188)--Thread(Thread[Test worker,5,main])--SELECT commType, commGroupId, commTypeDescription, commTypeName, versionId, createdBy, createdDate, updatedBy, updatedDate, activeStatus, txnAccessCode FROM ast_CommunicationType_M WHERE ((activeStatus = ?) AND (commType = ?))
	bind => [1, D959EF84-D43D-481A-B748-E6CECB8743EA]
In around repository aspect
[EL Fine]: sql: 2015-11-06 07:38:10.479--ClientSession(350456522)--Connection(1489045188)--Thread(Thread[Test worker,5,main])--SELECT commType, commGroupId, commTypeDescription, commTypeName, versionId, createdBy, createdDate, updatedBy, updatedDate, activeStatus, txnAccessCode FROM ast_CommunicationType_M WHERE ((activeStatus = ?) AND (commGroupId = ?))
	bind => [1, 442CD6AE-0136-4632-A1FA-77250F79F548]
In around repository aspect
[EL Fine]: sql: 2015-11-06 07:38:10.485--ClientSession(217037249)--Connection(1489045188)--Thread(Thread[Test worker,5,main])--SELECT commType, commGroupId, commTypeDescription, commTypeName, versionId, createdBy, createdDate, updatedBy, updatedDate, activeStatus, txnAccessCode FROM ast_CommunicationType_M WHERE (commType = ?)
	bind => [D959EF84-D43D-481A-B748-E6CECB8743EA]
[EL Fine]: sql: 2015-11-06 07:38:10.486--ClientSession(217037249)--Connection(1489045188)--Thread(Thread[Test worker,5,main])--DELETE FROM ast_CommunicationType_M WHERE ((commType = ?) AND (versionId = ?))
	bind => [D959EF84-D43D-481A-B748-E6CECB8743EA, 2]
In around repository aspect
[EL Fine]: sql: 2015-11-06 07:38:10.582--ClientSession(338351450)--Connection(1489045188)--Thread(Thread[Test worker,5,main])--SELECT commGroupId, commGroupDescription, commGroupName, versionId, createdBy, createdDate, updatedBy, updatedDate, activeStatus, txnAccessCode FROM ast_CommunicationGroup_M WHERE (commGroupId = ?)
	bind => [442CD6AE-0136-4632-A1FA-77250F79F548]
[EL Fine]: sql: 2015-11-06 07:38:10.584--ClientSession(338351450)--Connection(1489045188)--Thread(Thread[Test worker,5,main])--DELETE FROM ast_CommunicationGroup_M WHERE ((commGroupId = ?) AND (versionId = ?))
	bind => [442CD6AE-0136-4632-A1FA-77250F79F548, 1]
]]></system-out>
  <system-err><![CDATA[]]></system-err>
</testsuite>
