<?xml version="1.0" encoding="UTF-8"?>
<testsuite name="com.app.app.server.service.UserAccessLevelTestCase" tests="4" skipped="0" failures="0" errors="0" timestamp="2015-11-06T07:38:21" hostname="034a8a84f6ba" time="0.22">
  <properties/>
  <testcase name="test1Save" classname="com.app.app.server.service.UserAccessLevelTestCase" time="0.108"/>
  <testcase name="test2Update" classname="com.app.app.server.service.UserAccessLevelTestCase" time="0.055"/>
  <testcase name="test3FindById" classname="com.app.app.server.service.UserAccessLevelTestCase" time="0.005"/>
  <testcase name="test4Delete" classname="com.app.app.server.service.UserAccessLevelTestCase" time="0.05"/>
  <system-out><![CDATA[Setting logged in user info for ADD
In around repository aspect
[EL Fine]: sql: 2015-11-06 07:38:21.885--ClientSession(1717671384)--Connection(1489045188)--Thread(Thread[Test worker,5,main])--INSERT INTO ast_UserAccessLevel_M (userAccessLevelId, levelDescription, levelHelp, levelIcon, levelName, userAccessLevel, versionId, createdBy, createdDate, updatedBy, updatedDate, activeStatus, txnAccessCode) VALUES (?, ?, ?, ?, ?, ?, ?, ?, ?, ?, ?, ?, ?)
	bind => [659A7A66-889C-477B-BF9A-164C7CAD286A, hnTDbPY4LM59cgK8QKxe5YuUhKE21Rk1c6hHBqI4ocd3oNb5S0, f5DRDxtCGew45kfi06sz5nmLlQFhD7omPzZ65HfBDanYJAiqfM, JXJfDLH2ZmpEJntWLNa3woHRwjd7TYIrh6otm5DkAucLMmSaUm, J0ncYppltRNbZQ44L0j7nWMl7F8cX02PdM4mgqOtxhiBlTWMKt, 90569, 1, AAAAA, 2015-11-06 13:08:21.877, null, 2015-11-06 13:08:21.877, 1, null]
In around repository aspect
[EL Fine]: sql: 2015-11-06 07:38:21.982--ClientSession(351309698)--Connection(1489045188)--Thread(Thread[Test worker,5,main])--SELECT userAccessLevelId, levelDescription, levelHelp, levelIcon, levelName, userAccessLevel, versionId, createdBy, createdDate, updatedBy, updatedDate, activeStatus, txnAccessCode FROM ast_UserAccessLevel_M WHERE ((activeStatus = ?) AND (userAccessLevelId = ?))
	bind => [1, 659A7A66-889C-477B-BF9A-164C7CAD286A]
Setting logged in user info for UPDATE
In around repository aspect
[EL Fine]: sql: 2015-11-06 07:38:21.985--ClientSession(2138287216)--Connection(1489045188)--Thread(Thread[Test worker,5,main])--SELECT userAccessLevelId, levelDescription, levelHelp, levelIcon, levelName, userAccessLevel, versionId, createdBy, createdDate, updatedBy, updatedDate, activeStatus, txnAccessCode FROM ast_UserAccessLevel_M WHERE (userAccessLevelId = ?)
	bind => [659A7A66-889C-477B-BF9A-164C7CAD286A]
[EL Fine]: sql: 2015-11-06 07:38:21.986--ClientSession(2138287216)--Connection(1489045188)--Thread(Thread[Test worker,5,main])--UPDATE ast_UserAccessLevel_M SET levelDescription = ?, levelHelp = ?, levelIcon = ?, levelName = ?, userAccessLevel = ?, updatedBy = ?, versionId = ? WHERE ((userAccessLevelId = ?) AND (versionId = ?))
	bind => [NFdLWYIMxwVl3gdWDxyHapmkmVro7L7MV26BQRcl4EeF3dcOtW, 4dAQEoCJvl4jojKCyeTxA0uhydVCEgl6mqc2wbBUgiNGHJB3HJ, rmqKNppTFuSasVqaqigF8RCxikZrs6R16FXOiZJ3dr74fgqUOG, tYsZRrwk8nqua81ORYcMkUssEEubrukNUshPKWnc3b3O9wWuIr, 72082, AAAAA, 2, 659A7A66-889C-477B-BF9A-164C7CAD286A, 1]
In around repository aspect
[EL Fine]: sql: 2015-11-06 07:38:22.038--ClientSession(1548993951)--Connection(1489045188)--Thread(Thread[Test worker,5,main])--SELECT userAccessLevelId, levelDescription, levelHelp, levelIcon, levelName, userAccessLevel, versionId, createdBy, createdDate, updatedBy, updatedDate, activeStatus, txnAccessCode FROM ast_UserAccessLevel_M WHERE ((activeStatus = ?) AND (userAccessLevelId = ?))
	bind => [1, 659A7A66-889C-477B-BF9A-164C7CAD286A]
In around repository aspect
[EL Fine]: sql: 2015-11-06 07:38:22.043--ClientSession(1328595674)--Connection(1489045188)--Thread(Thread[Test worker,5,main])--SELECT userAccessLevelId, levelDescription, levelHelp, levelIcon, levelName, userAccessLevel, versionId, createdBy, createdDate, updatedBy, updatedDate, activeStatus, txnAccessCode FROM ast_UserAccessLevel_M WHERE (userAccessLevelId = ?)
	bind => [659A7A66-889C-477B-BF9A-164C7CAD286A]
[EL Fine]: sql: 2015-11-06 07:38:22.044--ClientSession(1328595674)--Connection(1489045188)--Thread(Thread[Test worker,5,main])--DELETE FROM ast_UserAccessLevel_M WHERE ((userAccessLevelId = ?) AND (versionId = ?))
	bind => [659A7A66-889C-477B-BF9A-164C7CAD286A, 2]
]]></system-out>
  <system-err><![CDATA[]]></system-err>
</testsuite>
