<?xml version="1.0" encoding="UTF-8"?>
<testsuite name="com.app.app.server.service.ContactTypeTestCase" tests="4" skipped="0" failures="0" errors="0" timestamp="2015-11-06T07:38:10" hostname="034a8a84f6ba" time="0.353">
  <properties/>
  <testcase name="test1Save" classname="com.app.app.server.service.ContactTypeTestCase" time="0.108"/>
  <testcase name="test2Update" classname="com.app.app.server.service.ContactTypeTestCase" time="0.111"/>
  <testcase name="test3FindById" classname="com.app.app.server.service.ContactTypeTestCase" time="0.009"/>
  <testcase name="test4Delete" classname="com.app.app.server.service.ContactTypeTestCase" time="0.124"/>
  <system-out><![CDATA[Setting logged in user info for ADD
In around repository aspect
[EL Fine]: sql: 2015-11-06 07:38:10.718--ClientSession(1924331634)--Connection(1489045188)--Thread(Thread[Test worker,5,main])--INSERT INTO ast_ContactType_M (contactTypeId, contactType, contactTypeDesc, contactTypeIcon, versionId, createdBy, createdDate, updatedBy, updatedDate, activeStatus, txnAccessCode) VALUES (?, ?, ?, ?, ?, ?, ?, ?, ?, ?, ?)
	bind => [9FFCF55D-9071-4ECC-9470-8C2BA78B875E, s89SL0bl7vbNxHxsRHCwh8rmt4cTPSt9dTXSI9iZFlJMP8Rvll, gSnvg7CCYTfXHZz04DzJr7bpW7LFuOxfMzX2umX1RIWd4PuyXm, Mz3RIWOGk18fg2PTiQQlaL3CyNpYdfAZkpvWuhzKoGyiHZ3eIo, 1, AAAAA, 2015-11-06 13:08:10.68, null, 2015-11-06 13:08:10.68, 1, null]
In around repository aspect
[EL Fine]: sql: 2015-11-06 07:38:10.782--ClientSession(538016825)--Connection(1489045188)--Thread(Thread[Test worker,5,main])--SELECT contactTypeId, contactType, contactTypeDesc, contactTypeIcon, versionId, createdBy, createdDate, updatedBy, updatedDate, activeStatus, txnAccessCode FROM ast_ContactType_M WHERE ((activeStatus = ?) AND (contactTypeId = ?))
	bind => [1, 9FFCF55D-9071-4ECC-9470-8C2BA78B875E]
Setting logged in user info for UPDATE
In around repository aspect
[EL Fine]: sql: 2015-11-06 07:38:10.785--ClientSession(313455702)--Connection(1489045188)--Thread(Thread[Test worker,5,main])--SELECT contactTypeId, contactType, contactTypeDesc, contactTypeIcon, versionId, createdBy, createdDate, updatedBy, updatedDate, activeStatus, txnAccessCode FROM ast_ContactType_M WHERE (contactTypeId = ?)
	bind => [9FFCF55D-9071-4ECC-9470-8C2BA78B875E]
[EL Fine]: sql: 2015-11-06 07:38:10.786--ClientSession(313455702)--Connection(1489045188)--Thread(Thread[Test worker,5,main])--UPDATE ast_ContactType_M SET contactType = ?, contactTypeDesc = ?, contactTypeIcon = ?, updatedBy = ?, versionId = ? WHERE ((contactTypeId = ?) AND (versionId = ?))
	bind => [hIP5OB5paQTeWFh5hNdUwq3XHNElfH26Ag5dlHnkLdgTtMXXgt, IXd4ZIu0G1NAD8OMkUWdJoGS791wdeeUet6s9HKhDERAXSauw5, rOJCWyBaiKZP7OcEH7ETZZMgYRi6qRApIsdPajHrQIt8F3pUIH, AAAAA, 2, 9FFCF55D-9071-4ECC-9470-8C2BA78B875E, 1]
In around repository aspect
[EL Fine]: sql: 2015-11-06 07:38:10.896--ClientSession(2072670493)--Connection(1489045188)--Thread(Thread[Test worker,5,main])--SELECT contactTypeId, contactType, contactTypeDesc, contactTypeIcon, versionId, createdBy, createdDate, updatedBy, updatedDate, activeStatus, txnAccessCode FROM ast_ContactType_M WHERE ((activeStatus = ?) AND (contactTypeId = ?))
	bind => [1, 9FFCF55D-9071-4ECC-9470-8C2BA78B875E]
In around repository aspect
[EL Fine]: sql: 2015-11-06 07:38:10.905--ClientSession(1272668165)--Connection(1489045188)--Thread(Thread[Test worker,5,main])--SELECT contactTypeId, contactType, contactTypeDesc, contactTypeIcon, versionId, createdBy, createdDate, updatedBy, updatedDate, activeStatus, txnAccessCode FROM ast_ContactType_M WHERE (contactTypeId = ?)
	bind => [9FFCF55D-9071-4ECC-9470-8C2BA78B875E]
[EL Fine]: sql: 2015-11-06 07:38:10.906--ClientSession(1272668165)--Connection(1489045188)--Thread(Thread[Test worker,5,main])--DELETE FROM ast_ContactType_M WHERE ((contactTypeId = ?) AND (versionId = ?))
	bind => [9FFCF55D-9071-4ECC-9470-8C2BA78B875E, 2]
]]></system-out>
  <system-err><![CDATA[]]></system-err>
</testsuite>
