<?xml version="1.0" encoding="UTF-8"?>
<testsuite name="com.app.app.server.service.PasswordAlgoTestCase" tests="4" skipped="0" failures="0" errors="0" timestamp="2015-11-06T07:38:09" hostname="034a8a84f6ba" time="0.32">
  <properties/>
  <testcase name="test1Save" classname="com.app.app.server.service.PasswordAlgoTestCase" time="0.142"/>
  <testcase name="test2Update" classname="com.app.app.server.service.PasswordAlgoTestCase" time="0.111"/>
  <testcase name="test3FindById" classname="com.app.app.server.service.PasswordAlgoTestCase" time="0.013"/>
  <testcase name="test4Delete" classname="com.app.app.server.service.PasswordAlgoTestCase" time="0.052"/>
  <system-out><![CDATA[Setting logged in user info for ADD
In around repository aspect
[EL Fine]: sql: 2015-11-06 07:38:09.133--ClientSession(1986998174)--Connection(1489045188)--Thread(Thread[Test worker,5,main])--INSERT INTO ast_PasswordAlgo_M (algoId, algoDescription, algoHelp, algoIcon, algoName, algorithm, versionId, createdBy, createdDate, updatedBy, updatedDate, activeStatus, txnAccessCode) VALUES (?, ?, ?, ?, ?, ?, ?, ?, ?, ?, ?, ?, ?)
	bind => [66DE26D1-B78B-4F4A-9D63-F336C625B7E6, BD5ZJ9Rv2PF4PcTkEwq1f95H5vV8EmNLfzrH7hRAVT0iLsXu24, 6nc0KpItQfKv0LeMh1Uv3wB5E8EK6d2iHtSw7NXXSC4GOLqOu5, HBAVrAUlXyW30ayntA47U5ibKOYVMA8NC7FOVmvK6kXMjy2knf, z2ZB16DcAnyfmeNIqzAmhK8mAjEbsEg4TOu43oz9oLbTdNENFT, 8, 1, AAAAA, 2015-11-06 13:08:09.088, null, 2015-11-06 13:08:09.088, 1, null]
In around repository aspect
[EL Fine]: sql: 2015-11-06 07:38:09.227--ClientSession(2028646039)--Connection(1489045188)--Thread(Thread[Test worker,5,main])--SELECT algoId, algoDescription, algoHelp, algoIcon, algoName, algorithm, versionId, createdBy, createdDate, updatedBy, updatedDate, activeStatus, txnAccessCode FROM ast_PasswordAlgo_M WHERE ((activeStatus = ?) AND (algoId = ?))
	bind => [1, 66DE26D1-B78B-4F4A-9D63-F336C625B7E6]
Setting logged in user info for UPDATE
In around repository aspect
[EL Fine]: sql: 2015-11-06 07:38:09.232--ClientSession(368378595)--Connection(1489045188)--Thread(Thread[Test worker,5,main])--SELECT algoId, algoDescription, algoHelp, algoIcon, algoName, algorithm, versionId, createdBy, createdDate, updatedBy, updatedDate, activeStatus, txnAccessCode FROM ast_PasswordAlgo_M WHERE (algoId = ?)
	bind => [66DE26D1-B78B-4F4A-9D63-F336C625B7E6]
[EL Fine]: sql: 2015-11-06 07:38:09.234--ClientSession(368378595)--Connection(1489045188)--Thread(Thread[Test worker,5,main])--UPDATE ast_PasswordAlgo_M SET algoDescription = ?, algoHelp = ?, algoIcon = ?, algoName = ?, algorithm = ?, updatedBy = ?, versionId = ? WHERE ((algoId = ?) AND (versionId = ?))
	bind => [5oyD9C0lpQ0U0OWEWDHjsYpU779ZvDatBWft5D7WYHit0TEAFU, cZ4SdW8w3WDV1vd7hXZV93fYDaYzcJFp6Lw1KI5gS3uOBkGyVE, FwsE5fRKYm8M0bALsw2cMtPtiOFfIywgEt2NtIur6WjRqH5IM2, h3jo4dZWdamdePbUyDPBgwQT7kypkbKSw13ssjdkjLfv8iJVzS, 7, AAAAA, 2, 66DE26D1-B78B-4F4A-9D63-F336C625B7E6, 1]
In around repository aspect
[EL Fine]: sql: 2015-11-06 07:38:09.341--ClientSession(529565546)--Connection(1489045188)--Thread(Thread[Test worker,5,main])--SELECT algoId, algoDescription, algoHelp, algoIcon, algoName, algorithm, versionId, createdBy, createdDate, updatedBy, updatedDate, activeStatus, txnAccessCode FROM ast_PasswordAlgo_M WHERE ((activeStatus = ?) AND (algoId = ?))
	bind => [1, 66DE26D1-B78B-4F4A-9D63-F336C625B7E6]
In around repository aspect
[EL Fine]: sql: 2015-11-06 07:38:09.352--ClientSession(2045277869)--Connection(1489045188)--Thread(Thread[Test worker,5,main])--SELECT algoId, algoDescription, algoHelp, algoIcon, algoName, algorithm, versionId, createdBy, createdDate, updatedBy, updatedDate, activeStatus, txnAccessCode FROM ast_PasswordAlgo_M WHERE (algoId = ?)
	bind => [66DE26D1-B78B-4F4A-9D63-F336C625B7E6]
[EL Fine]: sql: 2015-11-06 07:38:09.354--ClientSession(2045277869)--Connection(1489045188)--Thread(Thread[Test worker,5,main])--DELETE FROM ast_PasswordAlgo_M WHERE ((algoId = ?) AND (versionId = ?))
	bind => [66DE26D1-B78B-4F4A-9D63-F336C625B7E6, 2]
]]></system-out>
  <system-err><![CDATA[]]></system-err>
</testsuite>
