<?xml version="1.0" encoding="UTF-8"?>
<testsuite name="com.app.app.server.service.UserAccessDomainTestCase" tests="4" skipped="0" failures="0" errors="0" timestamp="2015-11-06T07:38:26" hostname="034a8a84f6ba" time="0.198">
  <properties/>
  <testcase name="test1Save" classname="com.app.app.server.service.UserAccessDomainTestCase" time="0.054"/>
  <testcase name="test2Update" classname="com.app.app.server.service.UserAccessDomainTestCase" time="0.055"/>
  <testcase name="test3FindById" classname="com.app.app.server.service.UserAccessDomainTestCase" time="0.004"/>
  <testcase name="test4Delete" classname="com.app.app.server.service.UserAccessDomainTestCase" time="0.084"/>
  <system-out><![CDATA[Setting logged in user info for ADD
In around repository aspect
[EL Fine]: sql: 2015-11-06 07:38:26.191--ClientSession(685360211)--Connection(1489045188)--Thread(Thread[Test worker,5,main])--INSERT INTO ast_UserAccessDomain_M (userAccessDomainId, domainDescription, domainHelp, domainIcon, domainName, userAccessDomain, versionId, createdBy, createdDate, updatedBy, updatedDate, activeStatus, txnAccessCode) VALUES (?, ?, ?, ?, ?, ?, ?, ?, ?, ?, ?, ?, ?)
	bind => [5C1C6425-F974-4990-BE26-55F7487A4FD9, heu2crgjkbPe3SxmREdU7DvhK1kgRIxBAAzMkb5Shuu1wL7Opt, 5CRtvfqMBAO2ZMAAcI0asMOlkAt0VxuKPOrFmDl8mTi8EYvir0, AHKNePpZSxiQBMvEV5ayE7qaHWR9kXWBxR6d9zKeJubdVzfQCL, YFOGb6fmhT8gyFa2fgB4Pmud7dOCA2irfigj4mlk7X2aVnqy9x, 48055, 1, AAAAA, 2015-11-06 13:08:26.186, null, 2015-11-06 13:08:26.186, 1, null]
In around repository aspect
[EL Fine]: sql: 2015-11-06 07:38:26.237--ClientSession(1129553409)--Connection(1489045188)--Thread(Thread[Test worker,5,main])--SELECT userAccessDomainId, domainDescription, domainHelp, domainIcon, domainName, userAccessDomain, versionId, createdBy, createdDate, updatedBy, updatedDate, activeStatus, txnAccessCode FROM ast_UserAccessDomain_M WHERE ((activeStatus = ?) AND (userAccessDomainId = ?))
	bind => [1, 5C1C6425-F974-4990-BE26-55F7487A4FD9]
Setting logged in user info for UPDATE
In around repository aspect
[EL Fine]: sql: 2015-11-06 07:38:26.239--ClientSession(2100333719)--Connection(1489045188)--Thread(Thread[Test worker,5,main])--SELECT userAccessDomainId, domainDescription, domainHelp, domainIcon, domainName, userAccessDomain, versionId, createdBy, createdDate, updatedBy, updatedDate, activeStatus, txnAccessCode FROM ast_UserAccessDomain_M WHERE (userAccessDomainId = ?)
	bind => [5C1C6425-F974-4990-BE26-55F7487A4FD9]
[EL Fine]: sql: 2015-11-06 07:38:26.24--ClientSession(2100333719)--Connection(1489045188)--Thread(Thread[Test worker,5,main])--UPDATE ast_UserAccessDomain_M SET domainDescription = ?, domainHelp = ?, domainIcon = ?, domainName = ?, userAccessDomain = ?, updatedBy = ?, versionId = ? WHERE ((userAccessDomainId = ?) AND (versionId = ?))
	bind => [SHyX8ayLjywGDJQ9aBMD5iAyoKZ0yL1LoJFrNTNRb4LtF9Ekrk, CGRDFuBtoGz5O9iJYuta6X82L34R2X6lfkFGhjuyIp0M7hzWtm, LIhiIdg4NnUuNe5kIhMFFW5ThqJnGBiUbtSFysmvPJdepvHI1Z, lOJyDZwfobjxKNzwAm6I42SJkE515fNcnaM69mY79PBKrWczQT, 12401, AAAAA, 2, 5C1C6425-F974-4990-BE26-55F7487A4FD9, 1]
In around repository aspect
[EL Fine]: sql: 2015-11-06 07:38:26.291--ClientSession(48664138)--Connection(1489045188)--Thread(Thread[Test worker,5,main])--SELECT userAccessDomainId, domainDescription, domainHelp, domainIcon, domainName, userAccessDomain, versionId, createdBy, createdDate, updatedBy, updatedDate, activeStatus, txnAccessCode FROM ast_UserAccessDomain_M WHERE ((activeStatus = ?) AND (userAccessDomainId = ?))
	bind => [1, 5C1C6425-F974-4990-BE26-55F7487A4FD9]
In around repository aspect
[EL Fine]: sql: 2015-11-06 07:38:26.296--ClientSession(593628732)--Connection(1489045188)--Thread(Thread[Test worker,5,main])--SELECT userAccessDomainId, domainDescription, domainHelp, domainIcon, domainName, userAccessDomain, versionId, createdBy, createdDate, updatedBy, updatedDate, activeStatus, txnAccessCode FROM ast_UserAccessDomain_M WHERE (userAccessDomainId = ?)
	bind => [5C1C6425-F974-4990-BE26-55F7487A4FD9]
[EL Fine]: sql: 2015-11-06 07:38:26.298--ClientSession(593628732)--Connection(1489045188)--Thread(Thread[Test worker,5,main])--DELETE FROM ast_UserAccessDomain_M WHERE ((userAccessDomainId = ?) AND (versionId = ?))
	bind => [5C1C6425-F974-4990-BE26-55F7487A4FD9, 2]
]]></system-out>
  <system-err><![CDATA[]]></system-err>
</testsuite>
