<?xml version="1.0" encoding="UTF-8"?>
<testsuite name="com.app.app.server.service.AppCustomerCategoryTestCase" tests="4" skipped="0" failures="0" errors="0" timestamp="2015-11-06T07:38:11" hostname="034a8a84f6ba" time="0.398">
  <properties/>
  <testcase name="test1Save" classname="com.app.app.server.service.AppCustomerCategoryTestCase" time="0.209"/>
  <testcase name="test2Update" classname="com.app.app.server.service.AppCustomerCategoryTestCase" time="0.067"/>
  <testcase name="test3FindById" classname="com.app.app.server.service.AppCustomerCategoryTestCase" time="0.007"/>
  <testcase name="test4Delete" classname="com.app.app.server.service.AppCustomerCategoryTestCase" time="0.115"/>
  <system-out><![CDATA[Setting logged in user info for ADD
In around repository aspect
[EL Fine]: sql: 2015-11-06 07:38:11.061--ClientSession(1405373668)--Connection(1489045188)--Thread(Thread[Test worker,5,main])--INSERT INTO ast_AppCustomerCategory_M (appcustCategoryId, customerCategory, versionId, createdBy, createdDate, updatedBy, updatedDate, activeStatus, txnAccessCode) VALUES (?, ?, ?, ?, ?, ?, ?, ?, ?)
	bind => [6DBD7AF0-15E5-4327-A1D5-DC1AAD5E65F5, jCo4XneLxUhgIN5hzzWRgvpKWngiqz7FbVxqWIRAyD3CO5dycU, 1, AAAAA, 2015-11-06 13:08:11.033, null, 2015-11-06 13:08:11.033, 1, null]
In around repository aspect
[EL Fine]: sql: 2015-11-06 07:38:11.238--ClientSession(413406256)--Connection(1489045188)--Thread(Thread[Test worker,5,main])--SELECT appcustCategoryId, customerCategory, versionId, createdBy, createdDate, updatedBy, updatedDate, activeStatus, txnAccessCode FROM ast_AppCustomerCategory_M WHERE ((activeStatus = ?) AND (appcustCategoryId = ?))
	bind => [1, 6DBD7AF0-15E5-4327-A1D5-DC1AAD5E65F5]
Setting logged in user info for UPDATE
In around repository aspect
[EL Fine]: sql: 2015-11-06 07:38:11.241--ClientSession(823335694)--Connection(1489045188)--Thread(Thread[Test worker,5,main])--SELECT appcustCategoryId, customerCategory, versionId, createdBy, createdDate, updatedBy, updatedDate, activeStatus, txnAccessCode FROM ast_AppCustomerCategory_M WHERE (appcustCategoryId = ?)
	bind => [6DBD7AF0-15E5-4327-A1D5-DC1AAD5E65F5]
[EL Fine]: sql: 2015-11-06 07:38:11.242--ClientSession(823335694)--Connection(1489045188)--Thread(Thread[Test worker,5,main])--UPDATE ast_AppCustomerCategory_M SET customerCategory = ?, updatedBy = ?, versionId = ? WHERE ((appcustCategoryId = ?) AND (versionId = ?))
	bind => [pk9MUkbmY0tv63yVI9b5CU8tJ4fPk7vbwwOOfoXwHoywhH3d3w, AAAAA, 2, 6DBD7AF0-15E5-4327-A1D5-DC1AAD5E65F5, 1]
In around repository aspect
[EL Fine]: sql: 2015-11-06 07:38:11.306--ClientSession(1942920830)--Connection(1489045188)--Thread(Thread[Test worker,5,main])--SELECT appcustCategoryId, customerCategory, versionId, createdBy, createdDate, updatedBy, updatedDate, activeStatus, txnAccessCode FROM ast_AppCustomerCategory_M WHERE ((activeStatus = ?) AND (appcustCategoryId = ?))
	bind => [1, 6DBD7AF0-15E5-4327-A1D5-DC1AAD5E65F5]
In around repository aspect
[EL Fine]: sql: 2015-11-06 07:38:11.311--ClientSession(2082789647)--Connection(1489045188)--Thread(Thread[Test worker,5,main])--SELECT appcustCategoryId, customerCategory, versionId, createdBy, createdDate, updatedBy, updatedDate, activeStatus, txnAccessCode FROM ast_AppCustomerCategory_M WHERE (appcustCategoryId = ?)
	bind => [6DBD7AF0-15E5-4327-A1D5-DC1AAD5E65F5]
[EL Fine]: sql: 2015-11-06 07:38:11.313--ClientSession(2082789647)--Connection(1489045188)--Thread(Thread[Test worker,5,main])--DELETE FROM ast_AppCustomerCategory_M WHERE ((appcustCategoryId = ?) AND (versionId = ?))
	bind => [6DBD7AF0-15E5-4327-A1D5-DC1AAD5E65F5, 2]
]]></system-out>
  <system-err><![CDATA[]]></system-err>
</testsuite>
